15:00:59 [Skill] INFO  Skill:138 - Connecting to Furhat server on 130.89.171.109:1932
15:01:00 [Ns2Skill] INFO  Ns2Skill:165 - Starting skill
15:01:05 [Ns2Skill] ERROR StateRunner:186 - java.util.concurrent.ExecutionException: furhatos.nlu.InterpreterException: Could not find resource file called Positive.en.exm or en/Positive.exm.
15:01:05 [ErrorLoggingThread] ERROR Ns2Skill:458 - java.util.concurrent.ExecutionException: furhatos.nlu.InterpreterException: Could not find resource file called Positive.en.exm or en/Positive.exm.
	at java.util.concurrent.FutureTask.report(FutureTask.java:122)
	at java.util.concurrent.FutureTask.get(FutureTask.java:206)
	at furhatos.flow.kotlin.IntentClassifierBuilder.getIntentClassifier(IntentClassifierBuilder.kt:72)
	at furhatos.flow.kotlin.SpeakAndListenKt.setSpeechRecPhrasesFromIntents(SpeakAndListen.kt:36)
	at furhatos.flow.kotlin.SpeakAndListenKt.access$setSpeechRecPhrasesFromIntents(SpeakAndListen.kt:1)
	at furhatos.flow.kotlin.SpeakAndListenKt$speakAndListen$1$1.invoke(SpeakAndListen.kt:97)
	at furhatos.flow.kotlin.SpeakAndListenKt$speakAndListen$1$2.invoke(SpeakAndListen.kt:140)
	at furhatos.flow.kotlin.SpeakAndListenKt$speakAndListen$1$2.invoke(SpeakAndListen.kt)
	at furhatos.flow.kotlin.StateRunner.runEntryTrigger(StateRunner.kt:180)
	at furhatos.flow.kotlin.StateRunner.run(StateRunner.kt:65)
	at furhatos.flow.kotlin.FlowControlRunner.tailRecRunCall(FlowControlRunner.kt:89)
	at furhatos.flow.kotlin.FlowControlRunner.call(FlowControlRunner.kt:61)
	at furhatos.flow.kotlin.FlowControlRunner.call$default(FlowControlRunner.kt:55)
	at furhatos.flow.kotlin.Furhat.listen(Furhat.kt:222)
	at furhatos.flow.kotlin.Furhat.listen$default(Furhat.kt:220)
	at furhatos.app.ns2.flow.InteractionKt$Start$1$1.invoke(interaction.kt:23)
	at furhatos.app.ns2.flow.InteractionKt$Start$1$1.invoke(interaction.kt)
	at furhatos.flow.kotlin.StateRunner.runEntryTrigger(StateRunner.kt:180)
	at furhatos.flow.kotlin.StateRunner.run(StateRunner.kt:65)
	at furhatos.flow.kotlin.Flow.tailRecRun(Flow.kt:147)
	at furhatos.flow.kotlin.Flow.run(Flow.kt:111)
	at furhatos.app.ns2.Ns2Skill.start(main.kt:9)
	at furhatos.skills.Skill.initializeSkill(Skill.java:168)
	at furhatos.skills.Skill.lambda$startSkill$2(Skill.java:226)
	at java.lang.Thread.run(Thread.java:748)
Caused by: furhatos.nlu.InterpreterException: Could not find resource file called Positive.en.exm or en/Positive.exm.
	at furhatos.nlu.NLUUtils.readLangResource(NLUUtils.kt:27)
	at furhatos.nlu.IntentCandidate.readExamplesFromResource(IntentCandidate.java:104)
	at furhatos.nlu.Intent.getExamples(Intent.kt:24)
	at furhatos.nlu.IntentCandidate.getExamplesWithParaphrases(IntentCandidate.java:81)
	at furhatos.nlu.IdfMultiIntentClassifier.<init>(IdfMultiIntentClassifier.kt:39)
	at furhatos.nlu.IdfMultiIntentClassifier.<init>(IdfMultiIntentClassifier.kt:17)
	at furhatos.nlu.IdfMultiIntentClassifier$Factory.getClassifier(IdfMultiIntentClassifier.kt:288)
	at furhatos.flow.kotlin.IntentClassifierBuilder$init$1$task$1.call(IntentClassifierBuilder.kt:53)
	at furhatos.flow.kotlin.IntentClassifierBuilder$init$1$task$1.call(IntentClassifierBuilder.kt:12)
	at java.util.concurrent.FutureTask.run(FutureTask.java:266)
	at java.util.concurrent.ThreadPoolExecutor.runWorker(ThreadPoolExecutor.java:1149)
	at java.util.concurrent.ThreadPoolExecutor$Worker.run(ThreadPoolExecutor.java:624)
	... 1 more
furhatos.nlu.InterpreterException: Could not find resource file called Positive.en.exm or en/Positive.exm.
	at furhatos.nlu.NLUUtils.readLangResource(NLUUtils.kt:27)
	at furhatos.nlu.IntentCandidate.readExamplesFromResource(IntentCandidate.java:104)
	at furhatos.nlu.Intent.getExamples(Intent.kt:24)
	at furhatos.nlu.IntentCandidate.getExamplesWithParaphrases(IntentCandidate.java:81)
	at furhatos.nlu.IdfMultiIntentClassifier.<init>(IdfMultiIntentClassifier.kt:39)
	at furhatos.nlu.IdfMultiIntentClassifier.<init>(IdfMultiIntentClassifier.kt:17)
	at furhatos.nlu.IdfMultiIntentClassifier$Factory.getClassifier(IdfMultiIntentClassifier.kt:288)
	at furhatos.flow.kotlin.IntentClassifierBuilder$init$1$task$1.call(IntentClassifierBuilder.kt:53)
	at furhatos.flow.kotlin.IntentClassifierBuilder$init$1$task$1.call(IntentClassifierBuilder.kt:12)
	at java.util.concurrent.FutureTask.run(FutureTask.java:266)
	at java.util.concurrent.ThreadPoolExecutor.runWorker(ThreadPoolExecutor.java:1149)
	at java.util.concurrent.ThreadPoolExecutor$Worker.run(ThreadPoolExecutor.java:624)
	at java.lang.Thread.run(Thread.java:748)

